2022-06-05 21:24:38,137 INFO s.MainServiceImpl [JettyServerThreadPool-31] Entered validateLogin() in service.
2022-06-05 21:24:38,141 INFO s.MainServiceImpl [JettyServerThreadPool-31] Exited validateLogin() in service.
2022-06-05 21:24:38,141 INFO d.EmployeeDaoImpl [JettyServerThreadPool-31] Enter validateLogin() in EmployeeDaoImpl...
2022-06-05 21:24:38,624 INFO d.EmployeeDaoImpl [JettyServerThreadPool-31] Exited validateLogin() in EmployeeDaoImpl...
2022-06-05 21:25:15,449 INFO s.MainServiceImpl [JettyServerThreadPool-20] Entered validateLogin() in service.
2022-06-05 21:25:15,449 INFO s.MainServiceImpl [JettyServerThreadPool-20] Exited validateLogin() in service.
2022-06-05 21:25:15,449 INFO d.EmployeeDaoImpl [JettyServerThreadPool-20] Enter validateLogin() in EmployeeDaoImpl...
2022-06-05 21:25:15,479 INFO d.EmployeeDaoImpl [JettyServerThreadPool-20] Exited validateLogin() in EmployeeDaoImpl...
2022-06-06 22:55:10,019 INFO s.MainServiceImpl [JettyServerThreadPool-29] Entered validateLogin() in service.
2022-06-06 22:55:10,023 INFO s.MainServiceImpl [JettyServerThreadPool-29] Exited validateLogin() in service.
2022-06-06 22:55:10,023 INFO d.EmployeeDaoImpl [JettyServerThreadPool-29] Enter validateLogin() in EmployeeDaoImpl...
2022-06-06 22:55:15,443 INFO s.MainServiceImpl [JettyServerThreadPool-22] Entered validateLogin() in service.
2022-06-06 22:55:15,443 INFO s.MainServiceImpl [JettyServerThreadPool-22] Exited validateLogin() in service.
2022-06-06 22:55:15,443 INFO d.EmployeeDaoImpl [JettyServerThreadPool-22] Enter validateLogin() in EmployeeDaoImpl...
2022-06-06 22:55:15,513 INFO d.EmployeeDaoImpl [JettyServerThreadPool-22] Exited validateLogin() in EmployeeDaoImpl...
2022-06-06 22:57:35,771 INFO s.MainServiceImpl [JettyServerThreadPool-22] Entered validateLogin() in service.
2022-06-06 22:57:35,771 INFO s.MainServiceImpl [JettyServerThreadPool-22] Exited validateLogin() in service.
2022-06-06 22:57:35,771 INFO d.EmployeeDaoImpl [JettyServerThreadPool-22] Enter validateLogin() in EmployeeDaoImpl...
2022-06-06 22:57:35,840 INFO d.EmployeeDaoImpl [JettyServerThreadPool-22] Exited validateLogin() in EmployeeDaoImpl...
2022-06-06 22:59:40,293 INFO s.MainServiceImpl [JettyServerThreadPool-22] Entered getEmployeeRequests() in service.
2022-06-06 22:59:40,293 INFO s.MainServiceImpl [JettyServerThreadPool-22] Exited getEmployeeRequests() in service.
2022-06-06 22:59:40,293 INFO d.ReimbursementDaoImpl [JettyServerThreadPool-22] Enter getEmployeeRequests() in ReimbursementDaoImpl...
2022-06-06 22:59:40,360 INFO d.ReimbursementDaoImpl [JettyServerThreadPool-22] Exited getEmployeeRequests() in ReimbursementDaoImpl...
2022-06-06 22:59:48,565 INFO s.MainServiceImpl [JettyServerThreadPool-24] Entered getEmployeeRequests() in service.
2022-06-06 22:59:48,565 INFO s.MainServiceImpl [JettyServerThreadPool-24] Exited getEmployeeRequests() in service.
2022-06-06 22:59:48,565 INFO d.ReimbursementDaoImpl [JettyServerThreadPool-24] Enter getEmployeeRequests() in ReimbursementDaoImpl...
2022-06-06 22:59:48,630 INFO d.ReimbursementDaoImpl [JettyServerThreadPool-24] Exited getEmployeeRequests() in ReimbursementDaoImpl...
2022-06-06 22:59:49,696 INFO s.MainServiceImpl [JettyServerThreadPool-23] Entered getEmployeeRequests() in service.
2022-06-06 22:59:49,696 INFO s.MainServiceImpl [JettyServerThreadPool-23] Exited getEmployeeRequests() in service.
2022-06-06 22:59:49,696 INFO d.ReimbursementDaoImpl [JettyServerThreadPool-23] Enter getEmployeeRequests() in ReimbursementDaoImpl...
2022-06-06 22:59:49,760 INFO d.ReimbursementDaoImpl [JettyServerThreadPool-23] Exited getEmployeeRequests() in ReimbursementDaoImpl...
2022-06-06 23:00:05,429 INFO s.MainServiceImpl [JettyServerThreadPool-22] Entered validateLogin() in service.
2022-06-06 23:00:05,429 INFO s.MainServiceImpl [JettyServerThreadPool-22] Exited validateLogin() in service.
2022-06-06 23:00:05,429 INFO d.EmployeeDaoImpl [JettyServerThreadPool-22] Enter validateLogin() in EmployeeDaoImpl...
2022-06-06 23:00:05,497 INFO d.EmployeeDaoImpl [JettyServerThreadPool-22] Exited validateLogin() in EmployeeDaoImpl...
2022-06-06 23:00:23,510 INFO s.MainServiceImpl [JettyServerThreadPool-23] Entered getEmployeeRequests() in service.
2022-06-06 23:00:23,510 INFO s.MainServiceImpl [JettyServerThreadPool-23] Exited getEmployeeRequests() in service.
2022-06-06 23:00:23,510 INFO d.ReimbursementDaoImpl [JettyServerThreadPool-23] Enter getEmployeeRequests() in ReimbursementDaoImpl...
2022-06-06 23:00:23,575 INFO d.ReimbursementDaoImpl [JettyServerThreadPool-23] Exited getEmployeeRequests() in ReimbursementDaoImpl...
2022-06-06 23:01:18,653 INFO s.MainServiceImpl [JettyServerThreadPool-18] Entered getEmployeeRequests() in service.
2022-06-06 23:01:18,653 INFO s.MainServiceImpl [JettyServerThreadPool-18] Exited getEmployeeRequests() in service.
2022-06-06 23:01:18,653 INFO d.ReimbursementDaoImpl [JettyServerThreadPool-18] Enter getEmployeeRequests() in ReimbursementDaoImpl...
2022-06-06 23:01:18,717 INFO d.ReimbursementDaoImpl [JettyServerThreadPool-18] Exited getEmployeeRequests() in ReimbursementDaoImpl...
2022-06-06 23:01:20,531 INFO s.MainServiceImpl [JettyServerThreadPool-22] Entered getEmployeeRequests() in service.
2022-06-06 23:01:20,531 INFO s.MainServiceImpl [JettyServerThreadPool-22] Exited getEmployeeRequests() in service.
2022-06-06 23:01:20,531 INFO d.ReimbursementDaoImpl [JettyServerThreadPool-22] Enter getEmployeeRequests() in ReimbursementDaoImpl...
2022-06-06 23:01:20,596 INFO d.ReimbursementDaoImpl [JettyServerThreadPool-22] Exited getEmployeeRequests() in ReimbursementDaoImpl...
2022-06-06 23:01:20,985 INFO s.MainServiceImpl [JettyServerThreadPool-32] Entered getEmployeeRequests() in service.
2022-06-06 23:01:20,985 INFO s.MainServiceImpl [JettyServerThreadPool-32] Exited getEmployeeRequests() in service.
2022-06-06 23:01:20,985 INFO d.ReimbursementDaoImpl [JettyServerThreadPool-32] Enter getEmployeeRequests() in ReimbursementDaoImpl...
2022-06-06 23:01:21,050 INFO d.ReimbursementDaoImpl [JettyServerThreadPool-32] Exited getEmployeeRequests() in ReimbursementDaoImpl...
2022-06-06 23:01:23,594 INFO s.MainServiceImpl [JettyServerThreadPool-22] Entered getEmployeeRequests() in service.
2022-06-06 23:01:23,594 INFO s.MainServiceImpl [JettyServerThreadPool-22] Exited getEmployeeRequests() in service.
2022-06-06 23:01:23,594 INFO d.ReimbursementDaoImpl [JettyServerThreadPool-22] Enter getEmployeeRequests() in ReimbursementDaoImpl...
2022-06-06 23:01:23,658 INFO d.ReimbursementDaoImpl [JettyServerThreadPool-22] Exited getEmployeeRequests() in ReimbursementDaoImpl...
2022-06-06 23:01:33,603 INFO s.MainServiceImpl [JettyServerThreadPool-32] Entered getEmployeeRequests() in service.
2022-06-06 23:01:33,603 INFO s.MainServiceImpl [JettyServerThreadPool-32] Exited getEmployeeRequests() in service.
2022-06-06 23:01:33,603 INFO d.ReimbursementDaoImpl [JettyServerThreadPool-32] Enter getEmployeeRequests() in ReimbursementDaoImpl...
2022-06-06 23:01:33,668 INFO d.ReimbursementDaoImpl [JettyServerThreadPool-32] Exited getEmployeeRequests() in ReimbursementDaoImpl...
2022-06-06 23:01:51,240 INFO s.MainServiceImpl [JettyServerThreadPool-22] Entered submitRequest() in service.
2022-06-06 23:01:51,240 INFO s.MainServiceImpl [JettyServerThreadPool-22] Exited submitRequest() in service.
2022-06-06 23:01:51,240 INFO d.ReimbursementDaoImpl [JettyServerThreadPool-22] Enter submitRequest() in ReimbursementDaoImpl...
2022-06-06 23:01:51,240 INFO d.ReimbursementDaoImpl [JettyServerThreadPool-22] Exited submitRequest() in ReimbursementDaoImpl...
2022-06-06 23:01:59,271 INFO s.MainServiceImpl [JettyServerThreadPool-32] Entered getEmployeeRequests() in service.
2022-06-06 23:01:59,271 INFO s.MainServiceImpl [JettyServerThreadPool-32] Exited getEmployeeRequests() in service.
2022-06-06 23:01:59,271 INFO d.ReimbursementDaoImpl [JettyServerThreadPool-32] Enter getEmployeeRequests() in ReimbursementDaoImpl...
2022-06-06 23:01:59,338 INFO d.ReimbursementDaoImpl [JettyServerThreadPool-32] Exited getEmployeeRequests() in ReimbursementDaoImpl...
2022-06-06 23:03:05,808 INFO s.MainServiceImpl [JettyServerThreadPool-18] Entered getEmployeeRequests() in service.
2022-06-06 23:03:05,809 INFO s.MainServiceImpl [JettyServerThreadPool-18] Exited getEmployeeRequests() in service.
2022-06-06 23:03:05,809 INFO d.ReimbursementDaoImpl [JettyServerThreadPool-18] Enter getEmployeeRequests() in ReimbursementDaoImpl...
2022-06-06 23:03:05,873 INFO d.ReimbursementDaoImpl [JettyServerThreadPool-18] Exited getEmployeeRequests() in ReimbursementDaoImpl...
2022-06-06 23:03:27,235 INFO s.MainServiceImpl [JettyServerThreadPool-32] Entered updateEmployee() in service.
2022-06-06 23:03:27,235 INFO s.MainServiceImpl [JettyServerThreadPool-32] Exited updateEmployee() in service.
2022-06-06 23:03:27,235 INFO d.EmployeeDaoImpl [JettyServerThreadPool-32] Enter updateEmployee() in EmployeeDaoImpl...
2022-06-06 23:03:44,034 INFO s.MainServiceImpl [JettyServerThreadPool-33] Entered getEmployeeRequests() in service.
2022-06-06 23:03:44,034 INFO s.MainServiceImpl [JettyServerThreadPool-33] Exited getEmployeeRequests() in service.
2022-06-06 23:03:44,034 INFO d.ReimbursementDaoImpl [JettyServerThreadPool-33] Enter getEmployeeRequests() in ReimbursementDaoImpl...
2022-06-06 23:03:44,098 INFO d.ReimbursementDaoImpl [JettyServerThreadPool-33] Exited getEmployeeRequests() in ReimbursementDaoImpl...
2022-06-06 23:04:09,906 INFO s.MainServiceImpl [JettyServerThreadPool-33] Entered updateRequestDetail() in service.
2022-06-06 23:04:09,906 INFO s.MainServiceImpl [JettyServerThreadPool-33] Exited updateRequestDetail() in service.
2022-06-06 23:04:16,011 INFO s.MainServiceImpl [JettyServerThreadPool-32] Entered getEmployeeRequests() in service.
2022-06-06 23:04:16,011 INFO s.MainServiceImpl [JettyServerThreadPool-32] Exited getEmployeeRequests() in service.
2022-06-06 23:04:16,011 INFO d.ReimbursementDaoImpl [JettyServerThreadPool-32] Enter getEmployeeRequests() in ReimbursementDaoImpl...
2022-06-06 23:04:16,075 INFO d.ReimbursementDaoImpl [JettyServerThreadPool-32] Exited getEmployeeRequests() in ReimbursementDaoImpl...
2022-06-06 23:04:43,837 INFO s.MainServiceImpl [JettyServerThreadPool-32] Entered updateEmployee() in service.
2022-06-06 23:04:43,837 INFO s.MainServiceImpl [JettyServerThreadPool-32] Exited updateEmployee() in service.
2022-06-06 23:04:43,837 INFO d.EmployeeDaoImpl [JettyServerThreadPool-32] Enter updateEmployee() in EmployeeDaoImpl...
2022-06-06 23:12:52,847 INFO s.MainServiceImpl [JettyServerThreadPool-36] Entered validateLogin() in service.
2022-06-06 23:12:52,847 INFO s.MainServiceImpl [JettyServerThreadPool-36] Exited validateLogin() in service.
2022-06-06 23:12:52,847 INFO d.EmployeeDaoImpl [JettyServerThreadPool-36] Enter validateLogin() in EmployeeDaoImpl...
2022-06-06 23:12:52,916 INFO d.EmployeeDaoImpl [JettyServerThreadPool-36] Exited validateLogin() in EmployeeDaoImpl...
2022-06-06 23:15:32,610 INFO s.MainServiceImpl [JettyServerThreadPool-37] Entered getEmployeeRequests() in service.
2022-06-06 23:15:32,610 INFO s.MainServiceImpl [JettyServerThreadPool-37] Exited getEmployeeRequests() in service.
2022-06-06 23:15:32,611 INFO d.ReimbursementDaoImpl [JettyServerThreadPool-37] Enter getEmployeeRequests() in ReimbursementDaoImpl...
2022-06-06 23:15:32,676 INFO d.ReimbursementDaoImpl [JettyServerThreadPool-37] Exited getEmployeeRequests() in ReimbursementDaoImpl...
2022-06-06 23:28:12,520 INFO s.MainServiceImpl [JettyServerThreadPool-21] Entered updateEmployee() in service.
2022-06-06 23:28:12,520 INFO s.MainServiceImpl [JettyServerThreadPool-21] Exited updateEmployee() in service.
2022-06-06 23:28:12,520 INFO d.EmployeeDaoImpl [JettyServerThreadPool-21] Enter updateEmployee() in EmployeeDaoImpl...
2022-06-07 07:19:46,368 INFO s.MainServiceImpl [JettyServerThreadPool-29] Entered validateLogin() in service.
2022-06-07 07:19:46,375 INFO s.MainServiceImpl [JettyServerThreadPool-29] Exited validateLogin() in service.
2022-06-07 07:19:46,375 INFO d.EmployeeDaoImpl [JettyServerThreadPool-29] Enter validateLogin() in EmployeeDaoImpl...
2022-06-07 07:19:47,308 INFO d.EmployeeDaoImpl [JettyServerThreadPool-29] Exited validateLogin() in EmployeeDaoImpl...
2022-06-07 07:19:52,379 INFO s.MainServiceImpl [JettyServerThreadPool-20] Entered getEmployeeRequests() in service.
2022-06-07 07:19:52,380 INFO s.MainServiceImpl [JettyServerThreadPool-20] Exited getEmployeeRequests() in service.
2022-06-07 07:19:52,380 INFO d.ReimbursementDaoImpl [JettyServerThreadPool-20] Enter getEmployeeRequests() in ReimbursementDaoImpl...
2022-06-07 07:19:52,449 INFO d.ReimbursementDaoImpl [JettyServerThreadPool-20] Exited getEmployeeRequests() in ReimbursementDaoImpl...
2022-06-07 07:20:29,082 INFO s.MainServiceImpl [JettyServerThreadPool-19] Entered validateLogin() in service.
2022-06-07 07:20:29,082 INFO s.MainServiceImpl [JettyServerThreadPool-19] Exited validateLogin() in service.
2022-06-07 07:20:29,082 INFO d.EmployeeDaoImpl [JettyServerThreadPool-19] Enter validateLogin() in EmployeeDaoImpl...
2022-06-07 07:20:45,392 INFO s.MainServiceImpl [JettyServerThreadPool-20] Entered validateLogin() in service.
2022-06-07 07:20:45,392 INFO s.MainServiceImpl [JettyServerThreadPool-20] Exited validateLogin() in service.
2022-06-07 07:20:45,392 INFO d.EmployeeDaoImpl [JettyServerThreadPool-20] Enter validateLogin() in EmployeeDaoImpl...
2022-06-07 07:20:45,460 INFO d.EmployeeDaoImpl [JettyServerThreadPool-20] Exited validateLogin() in EmployeeDaoImpl...
2022-06-07 07:20:54,285 INFO s.MainServiceImpl [JettyServerThreadPool-24] Entered getAllRequests() in service.
2022-06-07 07:20:54,285 INFO s.MainServiceImpl [JettyServerThreadPool-24] Exited getAllRequests() in service.
2022-06-07 07:20:54,285 INFO d.ReimbursementDaoImpl [JettyServerThreadPool-24] Enter getAllRequests() in ReimbursementDaoImpl...
2022-06-07 07:20:54,350 INFO d.ReimbursementDaoImpl [JettyServerThreadPool-24] Exited getAllRequestsByStatus() in ReimbursementDaoImpl...
2022-06-07 07:21:21,759 INFO s.MainServiceImpl [JettyServerThreadPool-24] Entered updateRequestStatus() in service.
2022-06-07 07:21:21,759 INFO s.MainServiceImpl [JettyServerThreadPool-24] Exited updateRequestStatus() in service.
2022-06-07 07:21:21,759 INFO d.ReimbursementDaoImpl [JettyServerThreadPool-24] Enter updateRequestStatus() in ReimbursementDaoImpl...
2022-06-07 07:21:21,759 INFO d.ReimbursementDaoImpl [JettyServerThreadPool-24] Exited updateRequestStatus() in ReimbursementDaoImpl...
2022-06-07 07:21:37,089 INFO s.MainServiceImpl [JettyServerThreadPool-24] Entered updateRequestStatus() in service.
2022-06-07 07:21:37,089 INFO s.MainServiceImpl [JettyServerThreadPool-24] Exited updateRequestStatus() in service.
2022-06-07 07:21:37,089 INFO d.ReimbursementDaoImpl [JettyServerThreadPool-24] Enter updateRequestStatus() in ReimbursementDaoImpl...
2022-06-07 07:21:37,089 INFO d.ReimbursementDaoImpl [JettyServerThreadPool-24] Exited updateRequestStatus() in ReimbursementDaoImpl...
2022-06-07 07:21:56,081 INFO s.MainServiceImpl [JettyServerThreadPool-24] Entered updateEmployee() in service.
2022-06-07 07:21:56,081 INFO s.MainServiceImpl [JettyServerThreadPool-24] Exited updateEmployee() in service.
2022-06-07 07:21:56,081 INFO d.EmployeeDaoImpl [JettyServerThreadPool-24] Enter updateEmployee() in EmployeeDaoImpl...
2022-06-07 07:22:09,927 INFO s.MainServiceImpl [JettyServerThreadPool-24] Entered updateEmployee() in service.
2022-06-07 07:22:09,927 INFO s.MainServiceImpl [JettyServerThreadPool-24] Exited updateEmployee() in service.
2022-06-07 07:22:09,927 INFO d.EmployeeDaoImpl [JettyServerThreadPool-24] Enter updateEmployee() in EmployeeDaoImpl...
2022-06-07 07:23:33,407 INFO s.MainServiceImpl [JettyServerThreadPool-17] Entered updateEmployee() in service.
2022-06-07 07:23:33,407 INFO s.MainServiceImpl [JettyServerThreadPool-17] Exited updateEmployee() in service.
2022-06-07 07:23:33,407 INFO d.EmployeeDaoImpl [JettyServerThreadPool-17] Enter updateEmployee() in EmployeeDaoImpl...
2022-06-07 07:25:15,698 INFO s.MainServiceImpl [JettyServerThreadPool-30] Entered validateLogin() in service.
2022-06-07 07:25:15,698 INFO s.MainServiceImpl [JettyServerThreadPool-30] Exited validateLogin() in service.
2022-06-07 07:25:15,698 INFO d.EmployeeDaoImpl [JettyServerThreadPool-30] Enter validateLogin() in EmployeeDaoImpl...
2022-06-07 07:25:15,766 INFO d.EmployeeDaoImpl [JettyServerThreadPool-30] Exited validateLogin() in EmployeeDaoImpl...
2022-06-07 07:25:23,996 INFO s.MainServiceImpl [JettyServerThreadPool-17] Entered updateEmployee() in service.
2022-06-07 07:25:23,996 INFO s.MainServiceImpl [JettyServerThreadPool-17] Exited updateEmployee() in service.
2022-06-07 07:25:23,996 INFO d.EmployeeDaoImpl [JettyServerThreadPool-17] Enter updateEmployee() in EmployeeDaoImpl...
2022-06-07 07:26:02,547 INFO s.MainServiceImpl [JettyServerThreadPool-30] Entered updateEmployee() in service.
2022-06-07 07:26:02,548 INFO s.MainServiceImpl [JettyServerThreadPool-30] Exited updateEmployee() in service.
2022-06-07 07:26:02,548 INFO d.EmployeeDaoImpl [JettyServerThreadPool-30] Enter updateEmployee() in EmployeeDaoImpl...
2022-06-07 07:29:05,150 INFO s.MainServiceImpl [JettyServerThreadPool-18] Entered updateEmployee() in service.
2022-06-07 07:29:05,150 INFO s.MainServiceImpl [JettyServerThreadPool-18] Exited updateEmployee() in service.
2022-06-07 07:29:05,150 INFO d.EmployeeDaoImpl [JettyServerThreadPool-18] Enter updateEmployee() in EmployeeDaoImpl...
2022-06-07 07:29:13,110 INFO s.MainServiceImpl [JettyServerThreadPool-36] Entered updateEmployee() in service.
2022-06-07 07:29:13,110 INFO s.MainServiceImpl [JettyServerThreadPool-36] Exited updateEmployee() in service.
2022-06-07 07:29:13,110 INFO d.EmployeeDaoImpl [JettyServerThreadPool-36] Enter updateEmployee() in EmployeeDaoImpl...
2022-06-07 07:36:45,652 INFO s.MainServiceImpl [JettyServerThreadPool-20] Entered validateLogin() in service.
2022-06-07 07:36:45,652 INFO s.MainServiceImpl [JettyServerThreadPool-20] Exited validateLogin() in service.
2022-06-07 07:36:45,652 INFO d.EmployeeDaoImpl [JettyServerThreadPool-20] Enter validateLogin() in EmployeeDaoImpl...
2022-06-07 07:36:45,721 INFO d.EmployeeDaoImpl [JettyServerThreadPool-20] Exited validateLogin() in EmployeeDaoImpl...
2022-06-07 07:40:33,454 INFO s.MainServiceImpl [JettyServerThreadPool-39] Entered validateLogin() in service.
2022-06-07 07:40:33,454 INFO s.MainServiceImpl [JettyServerThreadPool-39] Exited validateLogin() in service.
2022-06-07 07:40:33,454 INFO d.EmployeeDaoImpl [JettyServerThreadPool-39] Enter validateLogin() in EmployeeDaoImpl...
2022-06-07 07:40:33,521 INFO d.EmployeeDaoImpl [JettyServerThreadPool-39] Exited validateLogin() in EmployeeDaoImpl...
2022-06-07 07:41:00,002 INFO s.MainServiceImpl [JettyServerThreadPool-32] Entered getEmployeeRequests() in service.
2022-06-07 07:41:00,003 INFO s.MainServiceImpl [JettyServerThreadPool-32] Exited getEmployeeRequests() in service.
2022-06-07 07:41:00,003 INFO d.ReimbursementDaoImpl [JettyServerThreadPool-32] Enter getEmployeeRequests() in ReimbursementDaoImpl...
2022-06-07 07:41:00,066 INFO d.ReimbursementDaoImpl [JettyServerThreadPool-32] Exited getEmployeeRequests() in ReimbursementDaoImpl...
2022-06-07 07:44:51,989 INFO s.MainServiceImpl [JettyServerThreadPool-32] Entered updateRequestDetail() in service.
2022-06-07 07:44:51,989 INFO s.MainServiceImpl [JettyServerThreadPool-32] Exited updateRequestDetail() in service.
2022-06-07 07:46:13,350 INFO s.MainServiceImpl [JettyServerThreadPool-21] Entered updateEmployee() in service.
2022-06-07 07:46:13,351 INFO s.MainServiceImpl [JettyServerThreadPool-21] Exited updateEmployee() in service.
2022-06-07 07:46:13,351 INFO d.EmployeeDaoImpl [JettyServerThreadPool-21] Enter updateEmployee() in EmployeeDaoImpl...
2022-06-07 07:55:46,373 INFO s.MainServiceImpl [JettyServerThreadPool-42] Entered validateLogin() in service.
2022-06-07 07:55:46,373 INFO s.MainServiceImpl [JettyServerThreadPool-42] Exited validateLogin() in service.
2022-06-07 07:55:46,374 INFO d.EmployeeDaoImpl [JettyServerThreadPool-42] Enter validateLogin() in EmployeeDaoImpl...
2022-06-07 07:56:35,898 INFO s.MainServiceImpl [JettyServerThreadPool-29] Entered validateLogin() in service.
2022-06-07 07:56:35,898 INFO s.MainServiceImpl [JettyServerThreadPool-29] Exited validateLogin() in service.
2022-06-07 07:56:35,898 INFO d.EmployeeDaoImpl [JettyServerThreadPool-29] Enter validateLogin() in EmployeeDaoImpl...
2022-06-07 07:56:42,636 INFO s.MainServiceImpl [JettyServerThreadPool-30] Entered validateLogin() in service.
2022-06-07 07:56:42,637 INFO s.MainServiceImpl [JettyServerThreadPool-30] Exited validateLogin() in service.
2022-06-07 07:56:42,637 INFO d.EmployeeDaoImpl [JettyServerThreadPool-30] Enter validateLogin() in EmployeeDaoImpl...
2022-06-07 07:56:42,708 INFO d.EmployeeDaoImpl [JettyServerThreadPool-30] Exited validateLogin() in EmployeeDaoImpl...
2022-06-07 07:57:10,136 INFO s.MainServiceImpl [JettyServerThreadPool-29] Entered validateLogin() in service.
2022-06-07 07:57:10,136 INFO s.MainServiceImpl [JettyServerThreadPool-29] Exited validateLogin() in service.
2022-06-07 07:57:10,136 INFO d.EmployeeDaoImpl [JettyServerThreadPool-29] Enter validateLogin() in EmployeeDaoImpl...
2022-06-07 07:57:10,203 INFO d.EmployeeDaoImpl [JettyServerThreadPool-29] Exited validateLogin() in EmployeeDaoImpl...
2022-06-07 07:57:14,828 INFO s.MainServiceImpl [JettyServerThreadPool-30] Entered getEmployeeRequests() in service.
2022-06-07 07:57:14,828 INFO s.MainServiceImpl [JettyServerThreadPool-30] Exited getEmployeeRequests() in service.
2022-06-07 07:57:14,828 INFO d.ReimbursementDaoImpl [JettyServerThreadPool-30] Enter getEmployeeRequests() in ReimbursementDaoImpl...
2022-06-07 07:57:14,892 INFO d.ReimbursementDaoImpl [JettyServerThreadPool-30] Exited getEmployeeRequests() in ReimbursementDaoImpl...
2022-06-07 08:04:13,308 INFO s.MainServiceImpl [JettyServerThreadPool-44] Entered getEmployeeRequests() in service.
2022-06-07 08:04:13,308 INFO s.MainServiceImpl [JettyServerThreadPool-44] Exited getEmployeeRequests() in service.
2022-06-07 08:04:13,308 INFO d.ReimbursementDaoImpl [JettyServerThreadPool-44] Enter getEmployeeRequests() in ReimbursementDaoImpl...
2022-06-07 08:04:13,371 INFO d.ReimbursementDaoImpl [JettyServerThreadPool-44] Exited getEmployeeRequests() in ReimbursementDaoImpl...
2022-06-07 08:05:18,581 INFO s.MainServiceImpl [JettyServerThreadPool-36] Entered validateLogin() in service.
2022-06-07 08:05:18,581 INFO s.MainServiceImpl [JettyServerThreadPool-36] Exited validateLogin() in service.
2022-06-07 08:05:18,581 INFO d.EmployeeDaoImpl [JettyServerThreadPool-36] Enter validateLogin() in EmployeeDaoImpl...
2022-06-07 08:05:18,648 INFO d.EmployeeDaoImpl [JettyServerThreadPool-36] Exited validateLogin() in EmployeeDaoImpl...
2022-06-07 08:05:20,240 INFO s.MainServiceImpl [JettyServerThreadPool-20] Entered getAllRequests() in service.
2022-06-07 08:05:20,240 INFO s.MainServiceImpl [JettyServerThreadPool-20] Exited getAllRequests() in service.
2022-06-07 08:05:20,241 INFO d.ReimbursementDaoImpl [JettyServerThreadPool-20] Enter getAllRequests() in ReimbursementDaoImpl...
2022-06-07 08:05:20,304 INFO d.ReimbursementDaoImpl [JettyServerThreadPool-20] Exited getAllRequestsByStatus() in ReimbursementDaoImpl...
2022-06-07 08:08:08,835 INFO s.MainServiceImpl [JettyServerThreadPool-46] Entered getAllRequests() in service.
2022-06-07 08:08:08,835 INFO s.MainServiceImpl [JettyServerThreadPool-46] Exited getAllRequests() in service.
2022-06-07 08:08:08,835 INFO d.ReimbursementDaoImpl [JettyServerThreadPool-46] Enter getAllRequests() in ReimbursementDaoImpl...
2022-06-07 08:08:08,898 INFO d.ReimbursementDaoImpl [JettyServerThreadPool-46] Exited getAllRequestsByStatus() in ReimbursementDaoImpl...
2022-06-07 08:09:32,484 INFO s.MainServiceImpl [JettyServerThreadPool-47] Entered getEmployeeRequests() in service.
2022-06-07 08:09:32,485 INFO s.MainServiceImpl [JettyServerThreadPool-47] Exited getEmployeeRequests() in service.
2022-06-07 08:09:32,485 INFO d.ReimbursementDaoImpl [JettyServerThreadPool-47] Enter getEmployeeRequests() in ReimbursementDaoImpl...
2022-06-07 08:09:32,548 INFO d.ReimbursementDaoImpl [JettyServerThreadPool-47] Exited getEmployeeRequests() in ReimbursementDaoImpl...
2022-06-07 08:09:37,279 INFO s.MainServiceImpl [JettyServerThreadPool-32] Entered getEmployeeRequests() in service.
2022-06-07 08:09:37,279 INFO s.MainServiceImpl [JettyServerThreadPool-32] Exited getEmployeeRequests() in service.
2022-06-07 08:09:37,279 INFO d.ReimbursementDaoImpl [JettyServerThreadPool-32] Enter getEmployeeRequests() in ReimbursementDaoImpl...
2022-06-07 08:09:37,346 INFO d.ReimbursementDaoImpl [JettyServerThreadPool-32] Exited getEmployeeRequests() in ReimbursementDaoImpl...
2022-06-07 08:09:42,027 INFO s.MainServiceImpl [JettyServerThreadPool-46] Entered getEmployeeRequests() in service.
2022-06-07 08:09:42,027 INFO s.MainServiceImpl [JettyServerThreadPool-46] Exited getEmployeeRequests() in service.
2022-06-07 08:09:42,027 INFO d.ReimbursementDaoImpl [JettyServerThreadPool-46] Enter getEmployeeRequests() in ReimbursementDaoImpl...
2022-06-07 08:09:42,089 INFO d.ReimbursementDaoImpl [JettyServerThreadPool-46] Exited getEmployeeRequests() in ReimbursementDaoImpl...
2022-06-07 08:09:54,869 INFO s.MainServiceImpl [JettyServerThreadPool-32] Entered getEmployeeRequests() in service.
2022-06-07 08:09:54,869 INFO s.MainServiceImpl [JettyServerThreadPool-32] Exited getEmployeeRequests() in service.
2022-06-07 08:09:54,869 INFO d.ReimbursementDaoImpl [JettyServerThreadPool-32] Enter getEmployeeRequests() in ReimbursementDaoImpl...
2022-06-07 08:09:54,932 INFO d.ReimbursementDaoImpl [JettyServerThreadPool-32] Exited getEmployeeRequests() in ReimbursementDaoImpl...
2022-06-07 08:13:35,563 INFO s.MainServiceImpl [JettyServerThreadPool-48] Entered getAllRequests() in service.
2022-06-07 08:13:35,563 INFO s.MainServiceImpl [JettyServerThreadPool-48] Exited getAllRequests() in service.
2022-06-07 08:13:35,563 INFO d.ReimbursementDaoImpl [JettyServerThreadPool-48] Enter getAllRequests() in ReimbursementDaoImpl...
2022-06-07 08:13:35,627 INFO d.ReimbursementDaoImpl [JettyServerThreadPool-48] Exited getAllRequestsByStatus() in ReimbursementDaoImpl...
2022-06-07 08:18:42,273 INFO s.MainServiceImpl [JettyServerThreadPool-49] Entered getAllRequests() in service.
2022-06-07 08:18:42,273 INFO s.MainServiceImpl [JettyServerThreadPool-49] Exited getAllRequests() in service.
2022-06-07 08:18:42,273 INFO d.ReimbursementDaoImpl [JettyServerThreadPool-49] Enter getAllRequests() in ReimbursementDaoImpl...
2022-06-07 08:18:42,338 INFO d.ReimbursementDaoImpl [JettyServerThreadPool-49] Exited getAllRequestsByStatus() in ReimbursementDaoImpl...
2022-06-07 08:18:47,445 INFO s.MainServiceImpl [JettyServerThreadPool-48] Entered updateEmployee() in service.
2022-06-07 08:18:47,445 INFO s.MainServiceImpl [JettyServerThreadPool-48] Exited updateEmployee() in service.
2022-06-07 08:18:47,446 INFO d.EmployeeDaoImpl [JettyServerThreadPool-48] Enter updateEmployee() in EmployeeDaoImpl...
2022-06-07 08:19:05,975 INFO s.MainServiceImpl [JettyServerThreadPool-48] Entered updateEmployee() in service.
2022-06-07 08:19:05,975 INFO s.MainServiceImpl [JettyServerThreadPool-48] Exited updateEmployee() in service.
2022-06-07 08:19:05,975 INFO d.EmployeeDaoImpl [JettyServerThreadPool-48] Enter updateEmployee() in EmployeeDaoImpl...
2022-06-07 08:22:51,346 INFO s.MainServiceImpl [JettyServerThreadPool-50] Entered submitRequest() in service.
2022-06-07 08:22:51,346 INFO s.MainServiceImpl [JettyServerThreadPool-50] Exited submitRequest() in service.
2022-06-07 08:22:51,346 INFO d.ReimbursementDaoImpl [JettyServerThreadPool-50] Enter submitRequest() in ReimbursementDaoImpl...
2022-06-07 08:22:51,347 INFO d.ReimbursementDaoImpl [JettyServerThreadPool-50] Exited submitRequest() in ReimbursementDaoImpl...
2022-06-07 08:22:55,965 INFO s.MainServiceImpl [JettyServerThreadPool-30] Entered getAllRequests() in service.
2022-06-07 08:22:55,965 INFO s.MainServiceImpl [JettyServerThreadPool-30] Exited getAllRequests() in service.
2022-06-07 08:22:55,965 INFO d.ReimbursementDaoImpl [JettyServerThreadPool-30] Enter getAllRequests() in ReimbursementDaoImpl...
2022-06-07 08:22:56,028 INFO d.ReimbursementDaoImpl [JettyServerThreadPool-30] Exited getAllRequestsByStatus() in ReimbursementDaoImpl...
2022-06-07 08:28:06,441 INFO s.MainServiceImpl [JettyServerThreadPool-36] Entered updateEmployee() in service.
2022-06-07 08:28:06,441 INFO s.MainServiceImpl [JettyServerThreadPool-36] Exited updateEmployee() in service.
2022-06-07 08:28:06,441 INFO d.EmployeeDaoImpl [JettyServerThreadPool-36] Enter updateEmployee() in EmployeeDaoImpl...
2022-06-07 08:28:22,397 INFO s.MainServiceImpl [JettyServerThreadPool-30] Entered validateLogin() in service.
2022-06-07 08:28:22,397 INFO s.MainServiceImpl [JettyServerThreadPool-30] Exited validateLogin() in service.
2022-06-07 08:28:22,397 INFO d.EmployeeDaoImpl [JettyServerThreadPool-30] Enter validateLogin() in EmployeeDaoImpl...
2022-06-07 08:28:22,468 INFO d.EmployeeDaoImpl [JettyServerThreadPool-30] Exited validateLogin() in EmployeeDaoImpl...
2022-06-07 08:28:54,660 INFO s.MainServiceImpl [JettyServerThreadPool-36] Entered updateEmployee() in service.
2022-06-07 08:28:54,660 INFO s.MainServiceImpl [JettyServerThreadPool-36] Exited updateEmployee() in service.
2022-06-07 08:28:54,660 INFO d.EmployeeDaoImpl [JettyServerThreadPool-36] Enter updateEmployee() in EmployeeDaoImpl...
2022-06-07 08:29:55,856 INFO s.MainServiceImpl [JettyServerThreadPool-46] Entered getEmployeeRequests() in service.
2022-06-07 08:29:55,856 INFO s.MainServiceImpl [JettyServerThreadPool-46] Exited getEmployeeRequests() in service.
2022-06-07 08:29:55,857 INFO d.ReimbursementDaoImpl [JettyServerThreadPool-46] Enter getEmployeeRequests() in ReimbursementDaoImpl...
2022-06-07 08:29:55,919 INFO d.ReimbursementDaoImpl [JettyServerThreadPool-46] Exited getEmployeeRequests() in ReimbursementDaoImpl...
2022-06-07 08:44:31,601 INFO s.MainServiceImpl [JettyServerThreadPool-21] Entered updateEmployee() in service.
2022-06-07 08:44:31,601 INFO s.MainServiceImpl [JettyServerThreadPool-21] Exited updateEmployee() in service.
2022-06-07 08:44:31,601 INFO d.EmployeeDaoImpl [JettyServerThreadPool-21] Enter updateEmployee() in EmployeeDaoImpl...
2022-06-07 08:45:00,732 INFO s.MainServiceImpl [JettyServerThreadPool-21] Entered updateEmployee() in service.
2022-06-07 08:45:00,732 INFO s.MainServiceImpl [JettyServerThreadPool-21] Exited updateEmployee() in service.
2022-06-07 08:45:00,732 INFO d.EmployeeDaoImpl [JettyServerThreadPool-21] Enter updateEmployee() in EmployeeDaoImpl...
2022-06-07 08:45:36,220 INFO s.MainServiceImpl [JettyServerThreadPool-53] Entered updateRequestDetail() in service.
2022-06-07 08:45:36,220 INFO s.MainServiceImpl [JettyServerThreadPool-53] Exited updateRequestDetail() in service.
2022-06-07 08:45:53,215 INFO s.MainServiceImpl [JettyServerThreadPool-53] Entered updateRequestDetail() in service.
2022-06-07 08:45:53,215 INFO s.MainServiceImpl [JettyServerThreadPool-53] Exited updateRequestDetail() in service.
2022-06-07 08:46:25,338 INFO s.MainServiceImpl [JettyServerThreadPool-48] Entered submitRequest() in service.
2022-06-07 08:46:25,338 INFO s.MainServiceImpl [JettyServerThreadPool-48] Exited submitRequest() in service.
2022-06-07 08:46:25,338 INFO d.ReimbursementDaoImpl [JettyServerThreadPool-48] Enter submitRequest() in ReimbursementDaoImpl...
2022-06-07 08:46:25,338 INFO d.ReimbursementDaoImpl [JettyServerThreadPool-48] Exited submitRequest() in ReimbursementDaoImpl...
2022-06-07 08:48:14,859 INFO s.MainServiceImpl [JettyServerThreadPool-56] Entered submitRequest() in service.
2022-06-07 08:48:14,860 INFO s.MainServiceImpl [JettyServerThreadPool-56] Exited submitRequest() in service.
2022-06-07 08:48:14,860 INFO d.ReimbursementDaoImpl [JettyServerThreadPool-56] Enter submitRequest() in ReimbursementDaoImpl...
2022-06-07 08:48:14,860 INFO d.ReimbursementDaoImpl [JettyServerThreadPool-56] Exited submitRequest() in ReimbursementDaoImpl...
2022-06-07 08:48:26,838 INFO s.MainServiceImpl [JettyServerThreadPool-30] Entered submitRequest() in service.
2022-06-07 08:48:26,838 INFO s.MainServiceImpl [JettyServerThreadPool-30] Exited submitRequest() in service.
2022-06-07 08:48:26,838 INFO d.ReimbursementDaoImpl [JettyServerThreadPool-30] Enter submitRequest() in ReimbursementDaoImpl...
2022-06-07 08:48:26,838 INFO d.ReimbursementDaoImpl [JettyServerThreadPool-30] Exited submitRequest() in ReimbursementDaoImpl...
2022-06-07 08:49:06,769 INFO s.MainServiceImpl [JettyServerThreadPool-36] Entered validateLogin() in service.
2022-06-07 08:49:06,770 INFO s.MainServiceImpl [JettyServerThreadPool-36] Exited validateLogin() in service.
2022-06-07 08:49:06,770 INFO d.EmployeeDaoImpl [JettyServerThreadPool-36] Enter validateLogin() in EmployeeDaoImpl...
2022-06-07 08:49:06,837 INFO d.EmployeeDaoImpl [JettyServerThreadPool-36] Exited validateLogin() in EmployeeDaoImpl...
2022-06-07 08:49:10,126 INFO s.MainServiceImpl [JettyServerThreadPool-29] Entered getEmployeeRequests() in service.
2022-06-07 08:49:10,126 INFO s.MainServiceImpl [JettyServerThreadPool-29] Exited getEmployeeRequests() in service.
2022-06-07 08:49:10,127 INFO d.ReimbursementDaoImpl [JettyServerThreadPool-29] Enter getEmployeeRequests() in ReimbursementDaoImpl...
2022-06-07 08:49:10,191 INFO d.ReimbursementDaoImpl [JettyServerThreadPool-29] Exited getEmployeeRequests() in ReimbursementDaoImpl...
2022-06-07 08:50:14,516 INFO s.MainServiceImpl [JettyServerThreadPool-17] Entered submitRequest() in service.
2022-06-07 08:50:14,516 INFO s.MainServiceImpl [JettyServerThreadPool-17] Exited submitRequest() in service.
2022-06-07 08:50:14,516 INFO d.ReimbursementDaoImpl [JettyServerThreadPool-17] Enter submitRequest() in ReimbursementDaoImpl...
2022-06-07 08:50:14,516 INFO d.ReimbursementDaoImpl [JettyServerThreadPool-17] Exited submitRequest() in ReimbursementDaoImpl...
2022-06-07 08:50:21,701 INFO s.MainServiceImpl [JettyServerThreadPool-36] Entered getEmployeeRequests() in service.
2022-06-07 08:50:21,701 INFO s.MainServiceImpl [JettyServerThreadPool-36] Exited getEmployeeRequests() in service.
2022-06-07 08:50:21,701 INFO d.ReimbursementDaoImpl [JettyServerThreadPool-36] Enter getEmployeeRequests() in ReimbursementDaoImpl...
2022-06-07 08:50:21,765 INFO d.ReimbursementDaoImpl [JettyServerThreadPool-36] Exited getEmployeeRequests() in ReimbursementDaoImpl...
2022-06-07 09:01:27,318 INFO s.MainServiceImpl [JettyServerThreadPool-53] Entered getAllRequestsByStatus() in service.
2022-06-07 09:01:27,318 INFO s.MainServiceImpl [JettyServerThreadPool-53] Exited getAllRequestsByStatus() in service.
2022-06-07 09:01:27,318 INFO d.ReimbursementDaoImpl [JettyServerThreadPool-53] Enter getAllRequestsByStatus() in ReimbursementDaoImpl...
2022-06-07 09:01:27,381 INFO d.ReimbursementDaoImpl [JettyServerThreadPool-53] Exited getAllRequestsByStatus() in ReimbursementDaoImpl...
2022-06-07 09:01:34,687 INFO s.MainServiceImpl [JettyServerThreadPool-58] Entered getAllRequestsByStatus() in service.
2022-06-07 09:01:34,687 INFO s.MainServiceImpl [JettyServerThreadPool-58] Exited getAllRequestsByStatus() in service.
2022-06-07 09:01:34,687 INFO d.ReimbursementDaoImpl [JettyServerThreadPool-58] Enter getAllRequestsByStatus() in ReimbursementDaoImpl...
2022-06-07 09:01:34,750 INFO d.ReimbursementDaoImpl [JettyServerThreadPool-58] Exited getAllRequestsByStatus() in ReimbursementDaoImpl...
2022-06-07 09:01:35,489 INFO s.MainServiceImpl [JettyServerThreadPool-53] Entered getAllRequestsByStatus() in service.
2022-06-07 09:01:35,489 INFO s.MainServiceImpl [JettyServerThreadPool-53] Exited getAllRequestsByStatus() in service.
2022-06-07 09:01:35,489 INFO d.ReimbursementDaoImpl [JettyServerThreadPool-53] Enter getAllRequestsByStatus() in ReimbursementDaoImpl...
2022-06-07 09:01:35,552 INFO d.ReimbursementDaoImpl [JettyServerThreadPool-53] Exited getAllRequestsByStatus() in ReimbursementDaoImpl...
2022-06-07 09:01:56,995 INFO s.MainServiceImpl [JettyServerThreadPool-58] Entered getEmployeeRequests() in service.
2022-06-07 09:01:56,995 INFO s.MainServiceImpl [JettyServerThreadPool-58] Exited getEmployeeRequests() in service.
2022-06-07 09:01:56,995 INFO d.ReimbursementDaoImpl [JettyServerThreadPool-58] Enter getEmployeeRequests() in ReimbursementDaoImpl...
2022-06-07 09:01:57,058 INFO d.ReimbursementDaoImpl [JettyServerThreadPool-58] Exited getEmployeeRequests() in ReimbursementDaoImpl...
2022-06-07 09:01:58,671 INFO s.MainServiceImpl [JettyServerThreadPool-53] Entered getEmployeeRequests() in service.
2022-06-07 09:01:58,671 INFO s.MainServiceImpl [JettyServerThreadPool-53] Exited getEmployeeRequests() in service.
2022-06-07 09:01:58,671 INFO d.ReimbursementDaoImpl [JettyServerThreadPool-53] Enter getEmployeeRequests() in ReimbursementDaoImpl...
2022-06-07 09:01:58,735 INFO d.ReimbursementDaoImpl [JettyServerThreadPool-53] Exited getEmployeeRequests() in ReimbursementDaoImpl...
2022-06-07 09:06:18,293 INFO s.MainServiceImpl [JettyServerThreadPool-30] Entered getEmployeeRequests() in service.
2022-06-07 09:06:18,293 INFO s.MainServiceImpl [JettyServerThreadPool-30] Exited getEmployeeRequests() in service.
2022-06-07 09:06:18,293 INFO d.ReimbursementDaoImpl [JettyServerThreadPool-30] Enter getEmployeeRequests() in ReimbursementDaoImpl...
2022-06-07 09:06:18,357 INFO d.ReimbursementDaoImpl [JettyServerThreadPool-30] Exited getEmployeeRequests() in ReimbursementDaoImpl...
2022-06-07 09:06:19,099 INFO s.MainServiceImpl [JettyServerThreadPool-60] Entered getEmployeeRequests() in service.
2022-06-07 09:06:19,099 INFO s.MainServiceImpl [JettyServerThreadPool-60] Exited getEmployeeRequests() in service.
2022-06-07 09:06:19,099 INFO d.ReimbursementDaoImpl [JettyServerThreadPool-60] Enter getEmployeeRequests() in ReimbursementDaoImpl...
2022-06-07 09:06:19,162 INFO d.ReimbursementDaoImpl [JettyServerThreadPool-60] Exited getEmployeeRequests() in ReimbursementDaoImpl...
2022-06-07 09:07:02,658 INFO s.MainServiceImpl [JettyServerThreadPool-36] Entered getEmployeeRequests() in service.
2022-06-07 09:07:02,658 INFO s.MainServiceImpl [JettyServerThreadPool-36] Exited getEmployeeRequests() in service.
2022-06-07 09:07:02,658 INFO d.ReimbursementDaoImpl [JettyServerThreadPool-36] Enter getEmployeeRequests() in ReimbursementDaoImpl...
2022-06-07 09:07:02,721 INFO d.ReimbursementDaoImpl [JettyServerThreadPool-36] Exited getEmployeeRequests() in ReimbursementDaoImpl...
2022-06-07 09:07:04,119 INFO s.MainServiceImpl [JettyServerThreadPool-29] Entered getEmployeeRequests() in service.
2022-06-07 09:07:04,119 INFO s.MainServiceImpl [JettyServerThreadPool-29] Exited getEmployeeRequests() in service.
2022-06-07 09:07:04,119 INFO d.ReimbursementDaoImpl [JettyServerThreadPool-29] Enter getEmployeeRequests() in ReimbursementDaoImpl...
2022-06-07 09:07:04,183 INFO d.ReimbursementDaoImpl [JettyServerThreadPool-29] Exited getEmployeeRequests() in ReimbursementDaoImpl...
2022-06-07 09:10:33,880 INFO s.MainServiceImpl [JettyServerThreadPool-66] Entered validateLogin() in service.
2022-06-07 09:10:33,880 INFO s.MainServiceImpl [JettyServerThreadPool-66] Exited validateLogin() in service.
2022-06-07 09:10:33,880 INFO d.EmployeeDaoImpl [JettyServerThreadPool-66] Enter validateLogin() in EmployeeDaoImpl...
2022-06-07 09:10:33,955 INFO d.EmployeeDaoImpl [JettyServerThreadPool-66] Exited validateLogin() in EmployeeDaoImpl...
2022-06-07 09:10:37,691 INFO s.MainServiceImpl [JettyServerThreadPool-21] Entered getAllRequests() in service.
2022-06-07 09:10:37,691 INFO s.MainServiceImpl [JettyServerThreadPool-21] Exited getAllRequests() in service.
2022-06-07 09:10:37,691 INFO d.ReimbursementDaoImpl [JettyServerThreadPool-21] Enter getAllRequests() in ReimbursementDaoImpl...
2022-06-07 09:10:37,755 INFO d.ReimbursementDaoImpl [JettyServerThreadPool-21] Exited getAllRequestsByStatus() in ReimbursementDaoImpl...
